<?xml version="1.0" encoding="UTF-8"?>
<!-- Generated by org.testng.reporters.JUnitReportReporter -->
<testsuite hostname="DESKTOP-S0P6QUG" failures="0" tests="4" name="package1.Day2" time="0.008" errors="0" timestamp="30 Sep 2021 20:54:23 GMT" skipped="0">
  <testcase classname="package1.Day2" name="logincarloan3" time="0.003"/>
  <testcase classname="package1.Day2" name="logincarloan1" time="0.002"/>
  <testcase classname="package1.Day2" name="logincarloan2" time="0.001"/>
  <testcase classname="package1.Day2" name="logincarloan4" time="0.002"/>
</testsuite> <!-- package1.Day2 -->
